<?xml version="1.0" encoding="UTF-8"?>
<!-- Generated by org.testng.reporters.JUnitReportReporter -->
<testsuite hostname="Hare-Krishna" failures="0" tests="1" name="com.IntBanking.testCases.TC_LoginTest_001" time="6.069" errors="0" timestamp="2024-04-27T15:49:56 IST" skipped="0">
  <testcase classname="com.IntBanking.testCases.TC_LoginTest_001" name="loginTest" time="6.069"/>
  <system-out/>
</testsuite> <!-- com.IntBanking.testCases.TC_LoginTest_001 -->
