<?xml version="1.0" encoding="UTF-8"?>
<!-- Generated by org.testng.reporters.JUnitReportReporter -->
<testsuite hostname="Hare-Krishna" failures="0" tests="1" name="com.IntBanking.testCases.TC_LoginTest_001" time="8.886" errors="0" timestamp="2024-04-28T14:06:23 IST" skipped="0">
  <testcase classname="com.IntBanking.testCases.TC_LoginTest_001" name="loginTest" time="8.886"/>
  <system-out/>
</testsuite> <!-- com.IntBanking.testCases.TC_LoginTest_001 -->
